<?xml version="1.0" encoding="UTF-8"?>
<robot generator="Robot 7.0.1 (Python 3.11.9 on win32)" generated="2024-09-07T18:31:11.501116" rpa="false" schemaversion="5">
<suite id="s1" name="Valid Login" source="C:\Users\chonl\Downloads\WebDemo-master\WebDemo-master\login_tests\valid_login.robot">
<test id="s1-t1" name="Valid Login" line="9">
<kw name="Open Browser To Login Page" owner="resource">
<kw name="Open Browser" owner="SeleniumLibrary">
<msg time="2024-09-07T18:31:11.916116" level="INFO">Opening browser 'Firefox' to base url 'http://localhost:7272/'.</msg>
<arg>${LOGIN URL}</arg>
<arg>${BROWSER}</arg>
<doc>Opens a new browser instance to the optional ``url``.</doc>
<status status="PASS" start="2024-09-07T18:31:11.915113" elapsed="7.119980"/>
</kw>
<kw name="Maximize Browser Window" owner="SeleniumLibrary">
<doc>Maximizes current browser window.</doc>
<status status="PASS" start="2024-09-07T18:31:19.035093" elapsed="0.306620"/>
</kw>
<kw name="Set Selenium Speed" owner="SeleniumLibrary">
<arg>${DELAY}</arg>
<doc>Sets the delay that is waited after each Selenium command.</doc>
<status status="PASS" start="2024-09-07T18:31:19.341713" elapsed="0.001004"/>
</kw>
<kw name="Login Page Should Be Open" owner="resource">
<kw name="Title Should Be" owner="SeleniumLibrary">
<msg time="2024-09-07T18:31:19.345708" level="INFO">Page title is 'Login Page'.</msg>
<arg>Login Page</arg>
<doc>Verifies that the current page title equals ``title``.</doc>
<status status="PASS" start="2024-09-07T18:31:19.343721" elapsed="0.001987"/>
</kw>
<status status="PASS" start="2024-09-07T18:31:19.342717" elapsed="0.002991"/>
</kw>
<status status="PASS" start="2024-09-07T18:31:11.914116" elapsed="7.431592"/>
</kw>
<kw name="Input Username" owner="resource">
<kw name="Input Text" owner="SeleniumLibrary">
<msg time="2024-09-07T18:31:19.347707" level="INFO">Typing text 'demo' into text field 'username_field'.</msg>
<arg>username_field</arg>
<arg>${username}</arg>
<doc>Types the given ``text`` into the text field identified by ``locator``.</doc>
<status status="PASS" start="2024-09-07T18:31:19.347707" elapsed="0.100226"/>
</kw>
<arg>demo</arg>
<status status="PASS" start="2024-09-07T18:31:19.346706" elapsed="0.101227"/>
</kw>
<kw name="Input Password" owner="resource">
<kw name="Input Text" owner="SeleniumLibrary">
<msg time="2024-09-07T18:31:19.450238" level="INFO">Typing text 'mode' into text field 'password_field'.</msg>
<arg>password_field</arg>
<arg>${password}</arg>
<doc>Types the given ``text`` into the text field identified by ``locator``.</doc>
<status status="PASS" start="2024-09-07T18:31:19.449670" elapsed="0.019495"/>
</kw>
<arg>mode</arg>
<status status="PASS" start="2024-09-07T18:31:19.449099" elapsed="0.020066"/>
</kw>
<kw name="Submit Credentials" owner="resource">
<kw name="Click Button" owner="SeleniumLibrary">
<msg time="2024-09-07T18:31:19.470828" level="INFO">Clicking button 'login_button'.</msg>
<arg>login_button</arg>
<doc>Clicks the button identified by ``locator``.</doc>
<status status="PASS" start="2024-09-07T18:31:19.470269" elapsed="0.091443"/>
</kw>
<status status="PASS" start="2024-09-07T18:31:19.469712" elapsed="0.092999"/>
</kw>
<kw name="Welcome Page Should Be Open" owner="resource">
<kw name="Location Should Be" owner="SeleniumLibrary">
<msg time="2024-09-07T18:31:19.566711" level="INFO">Current location is 'http://localhost:7272/welcome.html'.</msg>
<arg>${WELCOME URL}</arg>
<doc>Verifies that the current URL is exactly ``url``.</doc>
<status status="PASS" start="2024-09-07T18:31:19.563714" elapsed="0.002997"/>
</kw>
<kw name="Title Should Be" owner="SeleniumLibrary">
<msg time="2024-09-07T18:31:19.569714" level="INFO">Page title is 'Welcome Page'.</msg>
<arg>Welcome Page</arg>
<doc>Verifies that the current page title equals ``title``.</doc>
<status status="PASS" start="2024-09-07T18:31:19.567710" elapsed="0.002004"/>
</kw>
<status status="PASS" start="2024-09-07T18:31:19.562711" elapsed="0.007003"/>
</kw>
<kw name="Close Browser" owner="SeleniumLibrary" type="TEARDOWN">
<doc>Closes the current browser.</doc>
<status status="PASS" start="2024-09-07T18:31:19.569714" elapsed="2.874930"/>
</kw>
<status status="PASS" start="2024-09-07T18:31:11.913115" elapsed="10.532531"/>
</test>
<doc>A test suite with a single test for valid login.

This test has a workflow that is created using keywords in
the imported resource file.</doc>
<status status="PASS" start="2024-09-07T18:31:11.504118" elapsed="10.943518"/>
</suite>
<statistics>
<total>
<stat pass="1" fail="0" skip="0">All Tests</stat>
</total>
<tag>
</tag>
<suite>
<stat pass="1" fail="0" skip="0" id="s1" name="Valid Login">Valid Login</stat>
</suite>
</statistics>
<errors>
</errors>
</robot>
